f:\cpp_prj\tenxun\timsdk\cross-platform\windows\imapp\object\debug\object.pch
f:\cpp_prj\tenxun\timsdk\cross-platform\windows\imapp\object\debug\object.pdb
f:\cpp_prj\tenxun\timsdk\cross-platform\windows\imapp\object\debug\object.idb
f:\cpp_prj\tenxun\timsdk\cross-platform\windows\imapp\object\debug\pch.obj
f:\cpp_prj\tenxun\timsdk\cross-platform\windows\imapp\object\debug\int16.obj
f:\cpp_prj\tenxun\timsdk\cross-platform\windows\imapp\object\debug\format.obj
f:\cpp_prj\tenxun\timsdk\cross-platform\windows\imapp\object\debug\float.obj
f:\cpp_prj\tenxun\timsdk\cross-platform\windows\imapp\object\debug\fieldhelper.obj
f:\cpp_prj\tenxun\timsdk\cross-platform\windows\imapp\object\debug\double.obj
f:\cpp_prj\tenxun\timsdk\cross-platform\windows\imapp\object\debug\dataset.obj
f:\cpp_prj\tenxun\timsdk\cross-platform\windows\imapp\object\debug\commonhelper.obj
f:\cpp_prj\tenxun\timsdk\cross-platform\windows\imapp\object\debug\bool.obj
f:\cpp_prj\tenxun\timsdk\cross-platform\windows\imapp\object\debug\blob.obj
f:\cpp_prj\tenxun\timsdk\cross-platform\windows\imapp\object\debug\array.obj
f:\cpp_prj\tenxun\timsdk\cross-platform\windows\imapp\object\debug\aeshelper.obj
f:\cpp_prj\tenxun\timsdk\cross-platform\windows\imapp\object\debug\tinyxmlparser.obj
f:\cpp_prj\tenxun\timsdk\cross-platform\windows\imapp\object\debug\tinyxmlerror.obj
f:\cpp_prj\tenxun\timsdk\cross-platform\windows\imapp\object\debug\tinyxml.obj
f:\cpp_prj\tenxun\timsdk\cross-platform\windows\imapp\object\debug\tinystr.obj
f:\cpp_prj\tenxun\timsdk\cross-platform\windows\imapp\object\debug\sha1.obj
f:\cpp_prj\tenxun\timsdk\cross-platform\windows\imapp\object\debug\md5.obj
f:\cpp_prj\tenxun\timsdk\cross-platform\windows\imapp\object\debug\aes.obj
f:\cpp_prj\tenxun\timsdk\cross-platform\windows\imapp\object\debug\hook.obj
f:\cpp_prj\tenxun\timsdk\cross-platform\windows\imapp\object\debug\dllmain.obj
f:\cpp_prj\tenxun\timsdk\cross-platform\windows\imapp\object\debug\xmldoc.obj
f:\cpp_prj\tenxun\timsdk\cross-platform\windows\imapp\object\debug\wstring.obj
f:\cpp_prj\tenxun\timsdk\cross-platform\windows\imapp\object\debug\uint8.obj
f:\cpp_prj\tenxun\timsdk\cross-platform\windows\imapp\object\debug\uint64.obj
f:\cpp_prj\tenxun\timsdk\cross-platform\windows\imapp\object\debug\uint32.obj
f:\cpp_prj\tenxun\timsdk\cross-platform\windows\imapp\object\debug\uint16.obj
f:\cpp_prj\tenxun\timsdk\cross-platform\windows\imapp\object\debug\taskqueue.obj
f:\cpp_prj\tenxun\timsdk\cross-platform\windows\imapp\object\debug\scheduled.obj
f:\cpp_prj\tenxun\timsdk\cross-platform\windows\imapp\object\debug\strtool.obj
f:\cpp_prj\tenxun\timsdk\cross-platform\windows\imapp\object\debug\string.obj
f:\cpp_prj\tenxun\timsdk\cross-platform\windows\imapp\object\debug\object.obj
f:\cpp_prj\tenxun\timsdk\cross-platform\windows\imapp\object\debug\null.obj
f:\cpp_prj\tenxun\timsdk\cross-platform\windows\imapp\object\debug\keymap.obj
f:\cpp_prj\tenxun\timsdk\cross-platform\windows\imapp\object\debug\json.obj
f:\cpp_prj\tenxun\timsdk\cross-platform\windows\imapp\object\debug\int8.obj
f:\cpp_prj\tenxun\timsdk\cross-platform\windows\imapp\object\debug\int64.obj
f:\cpp_prj\tenxun\timsdk\cross-platform\windows\imapp\object\debug\int32.obj
f:\cpp_prj\tenxun\timsdk\cross-platform\windows\imapp\build\bin\win32\debug\object.lib
f:\cpp_prj\tenxun\timsdk\cross-platform\windows\imapp\object\debug\object.res
f:\cpp_prj\tenxun\timsdk\cross-platform\windows\imapp\object\..\build\bin\win32\debug\object.pdb
f:\cpp_prj\tenxun\timsdk\cross-platform\windows\imapp\object\..\build\bin\win32\debug\object.lib
f:\cpp_prj\tenxun\timsdk\cross-platform\windows\imapp\object\debug\object.tlog\cl.command.1.tlog
f:\cpp_prj\tenxun\timsdk\cross-platform\windows\imapp\object\debug\object.tlog\cl.read.1.tlog
f:\cpp_prj\tenxun\timsdk\cross-platform\windows\imapp\object\debug\object.tlog\cl.write.1.tlog
f:\cpp_prj\tenxun\timsdk\cross-platform\windows\imapp\object\debug\object.tlog\lib-link-cvtres.read.1.tlog
f:\cpp_prj\tenxun\timsdk\cross-platform\windows\imapp\object\debug\object.tlog\lib-link-cvtres.write.1.tlog
f:\cpp_prj\tenxun\timsdk\cross-platform\windows\imapp\object\debug\object.tlog\lib.command.1.tlog
f:\cpp_prj\tenxun\timsdk\cross-platform\windows\imapp\object\debug\object.tlog\rc.command.1.tlog
f:\cpp_prj\tenxun\timsdk\cross-platform\windows\imapp\object\debug\object.tlog\rc.read.1.tlog
f:\cpp_prj\tenxun\timsdk\cross-platform\windows\imapp\object\debug\object.tlog\rc.write.1.tlog
