f:\cpp_prj\tenxun\timsdk\cross-platform\windows\imapp\object\release\object.pch
f:\cpp_prj\tenxun\timsdk\cross-platform\windows\imapp\object\release\object.pdb
f:\cpp_prj\tenxun\timsdk\cross-platform\windows\imapp\object\release\pch.obj
f:\cpp_prj\tenxun\timsdk\cross-platform\windows\imapp\object\release\uint32.obj
f:\cpp_prj\tenxun\timsdk\cross-platform\windows\imapp\object\release\uint16.obj
f:\cpp_prj\tenxun\timsdk\cross-platform\windows\imapp\object\release\strtool.obj
f:\cpp_prj\tenxun\timsdk\cross-platform\windows\imapp\object\release\string.obj
f:\cpp_prj\tenxun\timsdk\cross-platform\windows\imapp\object\release\object.obj
f:\cpp_prj\tenxun\timsdk\cross-platform\windows\imapp\object\release\null.obj
f:\cpp_prj\tenxun\timsdk\cross-platform\windows\imapp\object\release\json.obj
f:\cpp_prj\tenxun\timsdk\cross-platform\windows\imapp\object\release\int8.obj
f:\cpp_prj\tenxun\timsdk\cross-platform\windows\imapp\object\release\int64.obj
f:\cpp_prj\tenxun\timsdk\cross-platform\windows\imapp\object\release\int32.obj
f:\cpp_prj\tenxun\timsdk\cross-platform\windows\imapp\object\release\int16.obj
f:\cpp_prj\tenxun\timsdk\cross-platform\windows\imapp\object\release\heap.obj
f:\cpp_prj\tenxun\timsdk\cross-platform\windows\imapp\object\release\float.obj
f:\cpp_prj\tenxun\timsdk\cross-platform\windows\imapp\object\release\double.obj
f:\cpp_prj\tenxun\timsdk\cross-platform\windows\imapp\object\release\dataset.obj
f:\cpp_prj\tenxun\timsdk\cross-platform\windows\imapp\object\release\bool.obj
f:\cpp_prj\tenxun\timsdk\cross-platform\windows\imapp\object\release\blob.obj
f:\cpp_prj\tenxun\timsdk\cross-platform\windows\imapp\object\release\array.obj
f:\cpp_prj\tenxun\timsdk\cross-platform\windows\imapp\object\release\hook.obj
f:\cpp_prj\tenxun\timsdk\cross-platform\windows\imapp\object\release\dllmain.obj
f:\cpp_prj\tenxun\timsdk\cross-platform\windows\imapp\object\release\uint8.obj
f:\cpp_prj\tenxun\timsdk\cross-platform\windows\imapp\object\release\uint64.obj
f:\cpp_prj\tenxun\timsdk\cross-platform\windows\imapp\build\bin\win32\release\object.lib
f:\cpp_prj\tenxun\timsdk\cross-platform\windows\imapp\object\release\object.res
f:\cpp_prj\tenxun\timsdk\cross-platform\windows\imapp\object\..\build\bin\win32\release\object.lib
f:\cpp_prj\tenxun\timsdk\cross-platform\windows\imapp\object\release\object.tlog\cl.command.1.tlog
f:\cpp_prj\tenxun\timsdk\cross-platform\windows\imapp\object\release\object.tlog\cl.read.1.tlog
f:\cpp_prj\tenxun\timsdk\cross-platform\windows\imapp\object\release\object.tlog\cl.write.1.tlog
f:\cpp_prj\tenxun\timsdk\cross-platform\windows\imapp\object\release\object.tlog\lib-link-cvtres.read.1.tlog
f:\cpp_prj\tenxun\timsdk\cross-platform\windows\imapp\object\release\object.tlog\lib-link-cvtres.write.1.tlog
f:\cpp_prj\tenxun\timsdk\cross-platform\windows\imapp\object\release\object.tlog\lib.command.1.tlog
f:\cpp_prj\tenxun\timsdk\cross-platform\windows\imapp\object\release\object.tlog\rc.command.1.tlog
f:\cpp_prj\tenxun\timsdk\cross-platform\windows\imapp\object\release\object.tlog\rc.read.1.tlog
f:\cpp_prj\tenxun\timsdk\cross-platform\windows\imapp\object\release\object.tlog\rc.write.1.tlog
